2025-09-13 23:55:48,140 INFO Loaded plot_file=C:/Users/aadis/Downloads/Bufferset1basn_AREAaccuracytest/CSV/021925_bufferset1b+asn_Ala1_C1.dat.csv, label_file=C:/Users/aadis/Downloads/Bufferset1basn_AREAaccuracytest/CSV/LabeledPlots/AlaGln1.xlsx, data_rows=10801, labels_rows=2
2025-09-13 23:55:55,765 INFO Baseline anchors count=4 anchors=[(0.0, 5391.0), (1266.25, 6260.0), (2012.0, 6472.0), (2399.0, 7402.0)]...
2025-09-13 23:55:55,913 INFO Auto mixture fit components=1 area=134362.632 mus=[1369.72861464] sigmas=[5.93354625] amps=[134362.63187228]
2025-09-13 23:55:55,914 INFO Initial area method=Mixture value=134362.632 peak_label=A
2025-09-13 23:56:04,214 INFO Adjust button mixture components=1 area=134362.632 mus=[1369.72861464] sigmas=[5.93354625] amps=[134362.63187228]
2025-09-13 23:56:05,244 INFO Adjust button mixture components=1 area=134362.632 mus=[1369.72861464] sigmas=[5.93354625] amps=[134362.63187228]
2025-09-13 23:56:05,437 INFO Adjust button mixture components=1 area=134362.632 mus=[1369.72861464] sigmas=[5.93354625] amps=[134362.63187228]
2025-09-13 23:56:05,620 INFO Adjust button mixture components=1 area=134362.632 mus=[1369.72861464] sigmas=[5.93354625] amps=[134362.63187228]
2025-09-13 23:56:11,688 INFO Adjust button mixture components=1 area=134362.632 mus=[1369.72861464] sigmas=[5.93354625] amps=[134362.63187228]
2025-09-13 23:56:11,884 INFO Adjust button mixture components=1 area=134362.632 mus=[1369.72861464] sigmas=[5.93354625] amps=[134362.63187228]
2025-09-13 23:56:12,186 INFO Adjust button mixture components=1 area=134362.632 mus=[1369.72861464] sigmas=[5.93354625] amps=[134362.63187228]
2025-09-13 23:56:12,709 INFO Adjust button mixture components=1 area=134362.632 mus=[1369.72861464] sigmas=[5.93354625] amps=[134362.63187228]
2025-09-13 23:56:12,924 INFO Adjust button mixture components=1 area=134362.632 mus=[1369.72861464] sigmas=[5.93354625] amps=[134362.63187228]
2025-09-13 23:56:59,433 INFO Manual adjust mu=1369.7286 sigma=2.6092 amp=134362.632 area=134362.564
2025-09-13 23:56:59,499 INFO Manual adjust mu=1369.7286 sigma=2.6881 amp=134362.632 area=134362.494
2025-09-13 23:56:59,564 INFO Manual adjust mu=1369.7286 sigma=2.7275 amp=134362.632 area=134362.438
2025-09-13 23:56:59,627 INFO Manual adjust mu=1369.7286 sigma=2.8063 amp=134362.632 area=134362.268
2025-09-13 23:56:59,692 INFO Manual adjust mu=1369.7286 sigma=3.6733 amp=134362.632 area=134328.185
2025-09-13 23:56:59,757 INFO Manual adjust mu=1369.7286 sigma=4.1463 amp=134362.632 area=134221.038
2025-09-13 23:56:59,823 INFO Manual adjust mu=1369.7286 sigma=4.3039 amp=134362.632 area=134156.096
2025-09-13 23:56:59,890 INFO Manual adjust mu=1369.7286 sigma=4.8162 amp=134362.632 area=133800.291
2025-09-13 23:56:59,955 INFO Manual adjust mu=1369.7286 sigma=5.2104 amp=134362.632 area=133341.150
2025-09-13 23:57:00,023 INFO Manual adjust mu=1369.7286 sigma=5.2498 amp=134362.632 area=133285.231
2025-09-13 23:57:00,089 INFO Manual adjust mu=1369.7286 sigma=6.2744 amp=134362.632 area=131146.404
2025-09-13 23:57:00,155 INFO Manual adjust mu=1369.7286 sigma=6.3139 amp=134362.632 area=131037.769
2025-09-13 23:57:00,221 INFO Manual adjust mu=1369.7286 sigma=6.3533 amp=134362.632 area=130927.244
2025-09-13 23:57:00,295 INFO Manual adjust mu=1369.7286 sigma=6.4715 amp=134362.632 area=130584.444
2025-09-13 23:57:00,361 INFO Manual adjust mu=1369.7286 sigma=6.9050 amp=134362.632 area=129189.306
2025-09-13 23:57:00,441 INFO Manual adjust mu=1369.7286 sigma=6.9444 amp=134362.632 area=129052.218
2025-09-13 23:57:00,509 INFO Manual adjust mu=1369.7286 sigma=7.7721 amp=134362.632 area=125829.552
2025-09-13 23:57:00,575 INFO Manual adjust mu=1369.7286 sigma=7.8115 amp=134362.632 area=125661.554
2025-09-13 23:57:00,640 INFO Manual adjust mu=1369.7286 sigma=7.9297 amp=134362.632 area=125150.739
2025-09-13 23:57:00,818 INFO Manual adjust mu=1369.7286 sigma=7.8903 amp=134362.632 area=125322.125
2025-09-13 23:57:00,882 INFO Manual adjust mu=1369.7286 sigma=7.5750 amp=134362.632 area=126651.494
2025-09-13 23:57:00,947 INFO Manual adjust mu=1369.7286 sigma=7.0627 amp=134362.632 area=128631.265
2025-09-13 23:57:01,012 INFO Manual adjust mu=1369.7286 sigma=6.9444 amp=134362.632 area=129052.218
2025-09-13 23:57:01,239 INFO Manual adjust mu=1369.7286 sigma=6.9050 amp=134362.632 area=129189.306
2025-09-13 23:57:01,304 INFO Manual adjust mu=1369.7286 sigma=6.6291 amp=134362.632 area=130101.722
2025-09-13 23:57:01,372 INFO Manual adjust mu=1369.7286 sigma=6.3927 amp=134362.632 area=130814.839
2025-09-13 23:57:01,436 INFO Manual adjust mu=1369.7286 sigma=6.3533 amp=134362.632 area=130927.244
2025-09-13 23:57:01,501 INFO Manual adjust mu=1369.7286 sigma=6.2350 amp=134362.632 area=131253.135
2025-09-13 23:57:01,568 INFO Manual adjust mu=1369.7286 sigma=5.9986 amp=134362.632 area=131852.983
2025-09-13 23:57:01,643 INFO Manual adjust mu=1369.7286 sigma=5.5650 amp=134362.632 area=132768.740
2025-09-13 23:57:01,709 INFO Manual adjust mu=1369.7286 sigma=4.8951 amp=134362.632 area=133722.505
2025-09-13 23:57:01,775 INFO Manual adjust mu=1369.7286 sigma=4.7374 amp=134362.632 area=133871.462
2025-09-13 23:57:01,842 INFO Manual adjust mu=1369.7286 sigma=4.5010 amp=134362.632 area=134047.734
2025-09-13 23:57:01,908 INFO Manual adjust mu=1369.7286 sigma=4.4615 amp=134362.632 area=134072.036
2025-09-13 23:57:02,065 INFO Manual adjust mu=1369.7286 sigma=4.5010 amp=134362.632 area=134047.734
2025-09-13 23:57:02,131 INFO Manual adjust mu=1369.7286 sigma=4.6586 amp=134362.632 area=133936.253
2025-09-13 23:57:02,197 INFO Manual adjust mu=1369.7286 sigma=4.6980 amp=134362.632 area=133904.639
2025-09-13 23:57:02,264 INFO Manual adjust mu=1369.7286 sigma=4.8951 amp=134362.632 area=133722.505
2025-09-13 23:57:02,329 INFO Manual adjust mu=1369.7286 sigma=5.0133 amp=134362.632 area=133592.951
2025-09-13 23:57:02,395 INFO Manual adjust mu=1369.7286 sigma=5.0527 amp=134362.632 area=133546.236
2025-09-13 23:57:02,539 INFO Manual adjust mu=1369.7286 sigma=5.0921 amp=134362.632 area=133497.718
2025-09-13 23:57:02,605 INFO Manual adjust mu=1369.7286 sigma=5.2104 amp=134362.632 area=133341.150
2025-09-13 23:57:02,672 INFO Manual adjust mu=1369.7286 sigma=5.3286 amp=134362.632 area=133167.703
2025-09-13 23:57:02,741 INFO Manual adjust mu=1369.7286 sigma=5.3680 amp=134362.632 area=133106.067
2025-09-13 23:57:02,857 INFO Manual adjust mu=1369.7286 sigma=5.4074 amp=134362.632 area=133042.501
2025-09-13 23:57:02,925 INFO Manual adjust mu=1369.7286 sigma=5.5256 amp=134362.632 area=132840.121
2025-09-13 23:57:03,852 INFO Manual adjust mu=1380.9554 sigma=5.5256 amp=134362.632 area=81969.649
2025-09-13 23:57:03,982 INFO Manual adjust mu=1380.8758 sigma=5.5256 amp=134362.632 area=82710.773
2025-09-13 23:57:04,045 INFO Manual adjust mu=1380.5573 sigma=5.5256 amp=134362.632 area=85642.575
2025-09-13 23:57:04,114 INFO Manual adjust mu=1380.1592 sigma=5.5256 amp=134362.632 area=89223.705
2025-09-13 23:57:04,185 INFO Manual adjust mu=1379.8408 sigma=5.5256 amp=134362.632 area=92011.867
2025-09-13 23:57:04,256 INFO Manual adjust mu=1379.2038 sigma=5.5256 amp=134362.632 area=97352.838
2025-09-13 23:57:04,322 INFO Manual adjust mu=1379.1242 sigma=5.5256 amp=134362.632 area=97996.437
2025-09-13 23:57:04,386 INFO Manual adjust mu=1378.1688 sigma=5.5256 amp=134362.632 area=105258.583
2025-09-13 23:57:04,451 INFO Manual adjust mu=1376.4968 sigma=5.5256 amp=134362.632 area=115727.374
2025-09-13 23:57:04,517 INFO Manual adjust mu=1374.7452 sigma=5.5256 amp=134362.632 area=123571.929
2025-09-13 23:57:04,584 INFO Manual adjust mu=1374.5064 sigma=5.5256 amp=134362.632 area=124410.787
2025-09-13 23:57:04,657 INFO Manual adjust mu=1373.6306 sigma=5.5256 amp=134362.632 area=127063.072
2025-09-13 23:57:04,723 INFO Manual adjust mu=1371.7994 sigma=5.5256 amp=134362.632 area=130780.470
2025-09-13 23:57:04,794 INFO Manual adjust mu=1370.2866 sigma=5.5256 amp=134362.632 area=132454.756
2025-09-13 23:57:04,862 INFO Manual adjust mu=1369.2516 sigma=5.5256 amp=134362.632 area=133089.087
2025-09-13 23:57:04,929 INFO Manual adjust mu=1368.5350 sigma=5.5256 amp=134362.632 area=133339.943
2025-09-13 23:57:04,996 INFO Manual adjust mu=1367.8185 sigma=5.5256 amp=134362.632 area=133457.703
2025-09-13 23:57:05,062 INFO Manual adjust mu=1366.7038 sigma=5.5256 amp=134362.632 area=133393.382
2025-09-13 23:57:05,230 INFO Manual adjust mu=1366.7834 sigma=5.5256 amp=134362.632 area=133408.001
2025-09-13 23:57:05,295 INFO Manual adjust mu=1366.8631 sigma=5.5256 amp=134362.632 area=133421.047
2025-09-13 23:57:05,360 INFO Manual adjust mu=1366.9427 sigma=5.5256 amp=134362.632 area=133432.530
2025-09-13 23:57:05,427 INFO Manual adjust mu=1367.3408 sigma=5.5256 amp=134362.632 area=133466.825
2025-09-13 23:57:05,492 INFO Manual adjust mu=1367.4204 sigma=5.5256 amp=134362.632 area=133469.103
2025-09-13 23:57:05,557 INFO Manual adjust mu=1367.8185 sigma=5.5256 amp=134362.632 area=133457.703
2025-09-13 23:57:05,628 INFO Manual adjust mu=1367.8981 sigma=5.5256 amp=134362.632 area=133450.850
2025-09-13 23:57:05,691 INFO Manual adjust mu=1367.9777 sigma=5.5256 amp=134362.632 area=133442.461
2025-09-13 23:57:05,756 INFO Manual adjust mu=1368.0573 sigma=5.5256 amp=134362.632 area=133432.530
2025-09-13 23:57:05,822 INFO Manual adjust mu=1368.1369 sigma=5.5256 amp=134362.632 area=133421.047
2025-09-13 23:57:05,886 INFO Manual adjust mu=1368.2962 sigma=5.5256 amp=134362.632 area=133393.382
2025-09-13 23:57:06,054 INFO Manual adjust mu=1368.2166 sigma=5.5256 amp=134362.632 area=133408.001
2025-09-13 23:57:06,120 INFO Manual adjust mu=1368.1369 sigma=5.5256 amp=134362.632 area=133421.047
2025-09-13 23:57:06,414 INFO Manual adjust mu=1368.0573 sigma=5.5256 amp=134362.632 area=133432.530
2025-09-13 23:57:07,780 INFO Manual adjust mu=1368.0573 sigma=5.5256 amp=163175.001 area=162045.451
2025-09-13 23:57:07,953 INFO Manual adjust mu=1368.0573 sigma=5.5256 amp=161748.646 area=160628.969
2025-09-13 23:57:08,018 INFO Manual adjust mu=1368.0573 sigma=5.5256 amp=157469.581 area=156379.526
2025-09-13 23:57:08,085 INFO Manual adjust mu=1368.0573 sigma=5.5256 amp=156043.226 area=154963.045
2025-09-13 23:57:08,152 INFO Manual adjust mu=1368.0573 sigma=5.5256 amp=154616.871 area=153546.563
2025-09-13 23:57:08,286 INFO Manual adjust mu=1368.0573 sigma=5.5256 amp=153190.517 area=152130.082
2025-09-13 23:57:08,352 INFO Manual adjust mu=1368.0573 sigma=5.5256 amp=147485.097 area=146464.157
2025-09-13 23:57:08,419 INFO Manual adjust mu=1368.0573 sigma=5.5256 amp=141779.677 area=140798.232
